<?xml version="1.0" encoding="UTF-8"?>
<!-- Generated by org.testng.reporters.JUnitReportReporter -->
<testsuite skipped="0" hostname="SOMNATH" name="com.training.sanity.tests.Sampletest" tests="5" failures="0" timestamp="19 Mar 2019 03:32:24 GMT" time="0.024" errors="0">
  <testcase name="E" time="0.000" classname="com.training.sanity.tests.Sampletest"/>
  <testcase name="C" time="0.010" classname="com.training.sanity.tests.Sampletest"/>
  <testcase name="A" time="0.003" classname="com.training.sanity.tests.Sampletest"/>
  <testcase name="D" time="0.000" classname="com.training.sanity.tests.Sampletest"/>
  <testcase name="K" time="0.011" classname="com.training.sanity.tests.Sampletest"/>
</testsuite> <!-- com.training.sanity.tests.Sampletest -->
