<?xml version="1.0" encoding="UTF-8"?>
<!-- Generated by org.testng.reporters.JUnitReportReporter -->
<testsuite skipped="0" hostname="SOMNATH" name="com.training.sanity.tests.AddNewUserTests" tests="1" failures="0" timestamp="10 Mar 2019 00:20:40 GMT" time="41.953" errors="0">
  <testcase name="AddNewUserTest" time="41.953" classname="com.training.sanity.tests.AddNewUserTests"/>
</testsuite> <!-- com.training.sanity.tests.AddNewUserTests -->
