<?xml version="1.0" encoding="UTF-8"?>
<!-- Generated by org.testng.reporters.JUnitReportReporter -->
<testsuite skipped="0" hostname="SOMNATH" name="com.training.sanity.tests.RestoreTests" tests="1" failures="0" timestamp="13 Mar 2019 13:46:43 GMT" time="35.801" errors="0">
  <testcase name="RestoreTest" time="35.801" classname="com.training.sanity.tests.RestoreTests"/>
</testsuite> <!-- com.training.sanity.tests.RestoreTests -->
