<?xml version="1.0" encoding="UTF-8"?>
<!-- Generated by org.testng.reporters.JUnitReportReporter -->
<testsuite skipped="0" hostname="SOMNATH" name="com.training.sanity.tests.FilterPropertiesTests" tests="1" failures="0" timestamp="09 Mar 2019 06:53:04 GMT" time="39.304" errors="0">
  <testcase name="FilterPropertiesTest" time="39.304" classname="com.training.sanity.tests.FilterPropertiesTests"/>
</testsuite> <!-- com.training.sanity.tests.FilterPropertiesTests -->
