<?xml version="1.0" encoding="UTF-8"?>
<!-- Generated by org.testng.reporters.JUnitReportReporter -->
<testsuite skipped="0" hostname="SOMNATH" name="com.training.sanity.tests.LoginTests" tests="1" failures="0" timestamp="06 Mar 2019 07:22:51 GMT" time="25.360" errors="0">
  <testcase name="validLoginTest" time="25.360" classname="com.training.sanity.tests.LoginTests"/>
</testsuite> <!-- com.training.sanity.tests.LoginTests -->
