<?xml version="1.0" encoding="UTF-8"?>
<!-- Generated by org.testng.reporters.JUnitReportReporter -->
<testsuite skipped="0" hostname="SOMNATH" name="com.training.sanity.tests.RETC_082Tests" tests="3" failures="0" timestamp="01 Apr 2019 05:04:59 GMT" time="136.820" errors="0">
  <testcase name="AddMultipleRegionTest" time="60.031" classname="com.training.sanity.tests.RETC_082Tests"/>
  <testcase name="AddMultipleRegionTest" time="36.322" classname="com.training.sanity.tests.RETC_082Tests"/>
  <testcase name="AddMultipleRegionTest" time="40.467" classname="com.training.sanity.tests.RETC_082Tests"/>
</testsuite> <!-- com.training.sanity.tests.RETC_082Tests -->
