<?xml version="1.0" encoding="UTF-8"?>
<!-- Generated by org.testng.reporters.JUnitReportReporter -->
<testsuite skipped="0" hostname="SOMNATH" name="com.training.sanity.tests.RETC_021Tests" tests="1" failures="0" timestamp="11 Mar 2019 12:19:13 GMT" time="31.706" errors="0">
  <testcase name="validDeleteTagTest" time="31.706" classname="com.training.sanity.tests.RETC_021Tests"/>
</testsuite> <!-- com.training.sanity.tests.RETC_021Tests -->
