<?xml version="1.0" encoding="UTF-8"?>
<!-- Generated by org.testng.reporters.JUnitReportReporter -->
<testsuite skipped="0" hostname="SOMNATH" name="com.training.sanity.tests.DeleteUserTests" tests="1" failures="0" timestamp="08 Mar 2019 16:28:33 GMT" time="47.753" errors="0">
  <testcase name="validLoginTest" time="47.753" classname="com.training.sanity.tests.DeleteUserTests"/>
</testsuite> <!-- com.training.sanity.tests.DeleteUserTests -->
