<?xml version="1.0" encoding="UTF-8"?>
<!-- Generated by org.testng.reporters.JUnitReportReporter -->
<testsuite skipped="0" hostname="SOMNATH" name="com.training.sanity.tests.RETC_053Tests" tests="2" failures="0" timestamp="20 Mar 2019 04:06:34 GMT" time="79.388" errors="0">
  <testcase name="setUp" time="27.857" classname="com.training.sanity.tests.RETC_053Tests"/>
  <testcase name="RestoredPropertySearchTest" time="51.531" classname="com.training.sanity.tests.RETC_053Tests"/>
</testsuite> <!-- com.training.sanity.tests.RETC_053Tests -->
