<?xml version="1.0" encoding="UTF-8"?>
<!-- Generated by org.testng.reporters.JUnitReportReporter -->
<testsuite skipped="0" hostname="SOMNATH" name="com.training.sanity.tests.RETC_023Tests" tests="1" failures="0" timestamp="11 Mar 2019 12:23:12 GMT" time="31.435" errors="0">
  <testcase name="validDeleteUserTest" time="31.435" classname="com.training.sanity.tests.RETC_023Tests"/>
</testsuite> <!-- com.training.sanity.tests.RETC_023Tests -->
