<?xml version="1.0" encoding="UTF-8"?>
<!-- Generated by org.testng.reporters.JUnitReportReporter -->
<testsuite skipped="0" hostname="SOMNATH" name="com.training.sanity.tests.RETC_085Tests" tests="1" failures="0" timestamp="26 Mar 2019 16:59:38 GMT" time="180.783" errors="0">
  <testcase name="AddRegionPropertyTest" time="180.783" classname="com.training.sanity.tests.RETC_085Tests"/>
</testsuite> <!-- com.training.sanity.tests.RETC_085Tests -->
