<?xml version="1.0" encoding="UTF-8"?>
<!-- Generated by org.testng.reporters.JUnitReportReporter -->
<testsuite skipped="0" hostname="SOMNATH" name="com.training.sanity.tests.ChangeRoleTests" tests="1" failures="0" timestamp="09 Mar 2019 23:27:13 GMT" time="35.543" errors="0">
  <testcase name="validLoginTest" time="35.543" classname="com.training.sanity.tests.ChangeRoleTests"/>
</testsuite> <!-- com.training.sanity.tests.ChangeRoleTests -->
