<?xml version="1.0" encoding="UTF-8"?>
<!-- Generated by org.testng.reporters.JUnitReportReporter -->
<testsuite skipped="0" hostname="SOMNATH" name="com.training.sanity.tests.RETC_052Tests" tests="1" failures="0" timestamp="20 Mar 2019 04:31:29 GMT" time="45.852" errors="0">
  <testcase name="DeletePostTest" time="45.852" classname="com.training.sanity.tests.RETC_052Tests"/>
</testsuite> <!-- com.training.sanity.tests.RETC_052Tests -->
