<?xml version="1.0" encoding="UTF-8"?>
<!-- Generated by org.testng.reporters.JUnitReportReporter -->
<testsuite skipped="0" hostname="SOMNATH" name="com.training.sanity.tests.RETC_022Tests" tests="1" failures="0" timestamp="11 Mar 2019 12:21:56 GMT" time="29.870" errors="0">
  <testcase name="validChangeRoleTest" time="29.870" classname="com.training.sanity.tests.RETC_022Tests"/>
</testsuite> <!-- com.training.sanity.tests.RETC_022Tests -->
