<?xml version="1.0" encoding="UTF-8"?>
<!-- Generated by org.testng.reporters.JUnitReportReporter -->
<testsuite skipped="0" hostname="SOMNATH" name="com.training.sanity.tests.LoginTests" tests="1" failures="0" timestamp="26 Mar 2019 16:46:49 GMT" time="35.177" errors="0">
  <testcase name="validLoginTest" time="35.177" classname="com.training.sanity.tests.LoginTests"/>
</testsuite> <!-- com.training.sanity.tests.LoginTests -->
