<?xml version="1.0" encoding="UTF-8"?>
<!-- Generated by org.testng.reporters.JUnitReportReporter -->
<testsuite skipped="0" hostname="SOMNATH" name="com.training.sanity.tests.AddNewUserTests" tests="1" failures="0" timestamp="13 Mar 2019 09:16:04 GMT" time="60.370" errors="0">
  <testcase name="AddNewUserTest" time="60.370" classname="com.training.sanity.tests.AddNewUserTests"/>
</testsuite> <!-- com.training.sanity.tests.AddNewUserTests -->
