<?xml version="1.0" encoding="UTF-8"?>
<!-- Generated by org.testng.reporters.JUnitReportReporter -->
<testsuite skipped="0" hostname="SOMNATH" name="com.training.sanity.tests.RETC_054Tests" tests="1" failures="0" timestamp="20 Mar 2019 06:57:43 GMT" time="90.141" errors="0">
  <testcase name="ViewReplyToCommentTest" time="90.141" classname="com.training.sanity.tests.RETC_054Tests"/>
</testsuite> <!-- com.training.sanity.tests.RETC_054Tests -->
