<?xml version="1.0" encoding="UTF-8"?>
<!-- Generated by org.testng.reporters.JUnitReportReporter -->
<testsuite skipped="0" hostname="SOMNATH" name="com.training.sanity.tests.DeleteTagTests" tests="1" failures="0" timestamp="10 Mar 2019 00:03:58 GMT" time="42.247" errors="0">
  <testcase name="validLoginTest" time="42.247" classname="com.training.sanity.tests.DeleteTagTests"/>
</testsuite> <!-- com.training.sanity.tests.DeleteTagTests -->
