<?xml version="1.0" encoding="UTF-8"?>
<!-- Generated by org.testng.reporters.JUnitReportReporter -->
<testsuite skipped="0" hostname="SOMNATH" name="com.training.sanity.tests.RETC_055Tests" tests="1" failures="0" timestamp="20 Mar 2019 07:08:24 GMT" time="80.918" errors="0">
  <testcase name="RestoredPropertySearchTest" time="80.918" classname="com.training.sanity.tests.RETC_055Tests"/>
</testsuite> <!-- com.training.sanity.tests.RETC_055Tests -->
