<?xml version="1.0" encoding="UTF-8"?>
<!-- Generated by org.testng.reporters.JUnitReportReporter -->
<testsuite skipped="0" hostname="SOMNATH" name="com.training.sanity.tests.RETC_025Tests" tests="1" failures="0" timestamp="11 Mar 2019 12:27:02 GMT" time="35.315" errors="0">
  <testcase name="FilterPropertiesTest" time="35.315" classname="com.training.sanity.tests.RETC_025Tests"/>
</testsuite> <!-- com.training.sanity.tests.RETC_025Tests -->
