<?xml version="1.0" encoding="UTF-8"?>
<!-- Generated by org.testng.reporters.JUnitReportReporter -->
<testsuite skipped="0" hostname="SOMNATH" name="com.training.sanity.tests.RETC_051Tests" tests="1" failures="0" timestamp="20 Mar 2019 04:22:31 GMT" time="34.983" errors="0">
  <testcase name="RestoreTest" time="34.983" classname="com.training.sanity.tests.RETC_051Tests"/>
</testsuite> <!-- com.training.sanity.tests.RETC_051Tests -->
