<?xml version="1.0" encoding="UTF-8"?>
<!-- Generated by org.testng.reporters.JUnitReportReporter -->
<testsuite skipped="0" hostname="SOMNATH" name="com.training.sanity.tests.Sampletest" tests="4" failures="0" timestamp="26 Mar 2019 09:32:00 GMT" time="0.031" errors="0">
  <testcase name="E" time="0.003" classname="com.training.sanity.tests.Sampletest"/>
  <testcase name="C" time="0.023" classname="com.training.sanity.tests.Sampletest"/>
  <testcase name="D" time="0.003" classname="com.training.sanity.tests.Sampletest"/>
  <testcase name="A" time="0.002" classname="com.training.sanity.tests.Sampletest"/>
</testsuite> <!-- com.training.sanity.tests.Sampletest -->
