<?xml version="1.0" encoding="UTF-8"?>
<!-- Generated by org.testng.reporters.JUnitReportReporter -->
<testsuite skipped="0" hostname="SOMNATH" name="com.training.sanity.tests.RETC_024Tests" tests="1" failures="0" timestamp="11 Mar 2019 12:24:43 GMT" time="43.582" errors="0">
  <testcase name="AddNewUserTest" time="43.582" classname="com.training.sanity.tests.RETC_024Tests"/>
</testsuite> <!-- com.training.sanity.tests.RETC_024Tests -->
