<?xml version="1.0" encoding="UTF-8"?>
<!-- Generated by org.testng.reporters.JUnitReportReporter -->
<testsuite skipped="0" hostname="SOMNATH" name="com.training.sanity.tests.RETC_081Tests" tests="3" failures="0" timestamp="01 Apr 2019 10:54:59 GMT" time="154.170" errors="0">
  <testcase name="AddMultipleRegionTest" time="47.088" classname="com.training.sanity.tests.RETC_081Tests"/>
  <testcase name="AddMultipleRegionTest" time="51.904" classname="com.training.sanity.tests.RETC_081Tests"/>
  <testcase name="AddMultipleRegionTest" time="55.178" classname="com.training.sanity.tests.RETC_081Tests"/>
</testsuite> <!-- com.training.sanity.tests.RETC_081Tests -->
