<?xml version="1.0" encoding="UTF-8"?>
<!-- Generated by org.testng.reporters.JUnitReportReporter -->
<testsuite skipped="0" hostname="SOMNATH" name="com.training.regression.tests.LoginDBTest" tests="2" failures="0" timestamp="22 Mar 2019 14:48:44 GMT" time="42.336" errors="0">
  <testcase name="loginDBTest" time="21.774" classname="com.training.regression.tests.LoginDBTest"/>
  <testcase name="loginDBTest" time="20.562" classname="com.training.regression.tests.LoginDBTest"/>
</testsuite> <!-- com.training.regression.tests.LoginDBTest -->
